2024-04-22 01:14:53,745 INFO o.a.j.u.JMeterUtils: Setting Locale to en_EN
2024-04-22 01:14:53,758 INFO o.a.j.JMeter: Loading user properties from: G:\apache-jmeter-5.6.2\bin\user.properties
2024-04-22 01:14:53,758 INFO o.a.j.JMeter: Loading system properties from: G:\apache-jmeter-5.6.2\bin\system.properties
2024-04-22 01:14:53,762 INFO o.a.j.JMeter: Copyright (c) 1998-2023 The Apache Software Foundation
2024-04-22 01:14:53,763 INFO o.a.j.JMeter: Version 5.6.2
2024-04-22 01:14:53,763 INFO o.a.j.JMeter: java.version=20.0.1
2024-04-22 01:14:53,763 INFO o.a.j.JMeter: java.vm.name=Java HotSpot(TM) 64-Bit Server VM
2024-04-22 01:14:53,763 INFO o.a.j.JMeter: os.name=Windows 11
2024-04-22 01:14:53,763 INFO o.a.j.JMeter: os.arch=amd64
2024-04-22 01:14:53,763 INFO o.a.j.JMeter: os.version=10.0
2024-04-22 01:14:53,763 INFO o.a.j.JMeter: file.encoding=UTF-8
2024-04-22 01:14:53,763 INFO o.a.j.JMeter: java.awt.headless=null
2024-04-22 01:14:53,763 INFO o.a.j.JMeter: Max memory     =1073741824
2024-04-22 01:14:53,763 INFO o.a.j.JMeter: Available Processors =20
2024-04-22 01:14:53,768 INFO o.a.j.JMeter: Default Locale=English (EN)
2024-04-22 01:14:53,768 INFO o.a.j.JMeter: JMeter  Locale=English (EN)
2024-04-22 01:14:53,768 INFO o.a.j.JMeter: JMeterHome=G:\apache-jmeter-5.6.2
2024-04-22 01:14:53,768 INFO o.a.j.JMeter: user.dir  =G:\面试用项目\webys
2024-04-22 01:14:53,768 INFO o.a.j.JMeter: PWD       =G:\面试用项目\webys
2024-04-22 01:14:53,770 INFO o.a.j.JMeter: IP: 192.168.0.101 Name: DESKTOP-S0IQDVN FullName: DESKTOP-S0IQDVN
2024-04-22 01:14:53,778 INFO o.a.j.JMeter: Loaded icon properties from org/apache/jmeter/images/icon.properties
2024-04-22 01:14:53,897 INFO o.a.j.JMeterGuiLauncher: Setting LAF to: com.github.weisj.darklaf.DarkLaf:com.github.weisj.darklaf.theme.DarculaTheme
2024-04-22 01:15:05,157 INFO o.a.j.u.JMeterUtils: Setting Locale to zh_CN
